0 info it worked if it ends with ok
1 verbose cli [ 'E:\\Git\\npm\\node.exe',
1 verbose cli   'E:\\Git\\npm\\node_modules\\npm\\bin\\npm-cli.js',
1 verbose cli   'install',
1 verbose cli   'node-php' ]
2 info using npm@3.10.9
3 info using node@v6.9.2
4 silly loadCurrentTree Starting
5 silly install loadCurrentTree
6 silly install readLocalPackageData
7 silly fetchPackageMetaData node-php
8 silly fetchNamedPackageData node-php
9 silly mapToRegistry name node-php
10 silly mapToRegistry using default registry
11 silly mapToRegistry registry https://registry.npmjs.org/
12 silly mapToRegistry data Result {
12 silly mapToRegistry   raw: 'node-php',
12 silly mapToRegistry   scope: null,
12 silly mapToRegistry   escapedName: 'node-php',
12 silly mapToRegistry   name: 'node-php',
12 silly mapToRegistry   rawSpec: '',
12 silly mapToRegistry   spec: 'latest',
12 silly mapToRegistry   type: 'tag' }
13 silly mapToRegistry uri https://registry.npmjs.org/node-php
14 verbose request uri https://registry.npmjs.org/node-php
15 verbose request no auth needed
16 info attempt registry request try #1 at 4:51:44 PM
17 verbose request id 796ab88edf9b7203
18 http request GET https://registry.npmjs.org/node-php
19 http 200 https://registry.npmjs.org/node-php
20 verbose headers { server: 'nginx/1.10.1',
20 verbose headers   'content-type': 'application/json',
20 verbose headers   'last-modified': 'Mon, 23 Jan 2017 21:41:54 GMT',
20 verbose headers   etag: 'W/"588678a2-9f6"',
20 verbose headers   'content-encoding': 'gzip',
20 verbose headers   'cache-control': 'max-age=300',
20 verbose headers   'content-length': '1177',
20 verbose headers   'accept-ranges': 'bytes',
20 verbose headers   date: 'Sun, 07 May 2017 13:51:56 GMT',
20 verbose headers   via: '1.1 varnish',
20 verbose headers   age: '0',
20 verbose headers   connection: 'keep-alive',
20 verbose headers   'x-served-by': 'cache-bma7021-BMA',
20 verbose headers   'x-cache': 'MISS',
20 verbose headers   'x-cache-hits': '0',
20 verbose headers   'x-timer': 'S1494165116.387508,VS0,VE65',
20 verbose headers   vary: 'Accept-Encoding' }
21 silly get cb [ 200,
21 silly get   { server: 'nginx/1.10.1',
21 silly get     'content-type': 'application/json',
21 silly get     'last-modified': 'Mon, 23 Jan 2017 21:41:54 GMT',
21 silly get     etag: 'W/"588678a2-9f6"',
21 silly get     'content-encoding': 'gzip',
21 silly get     'cache-control': 'max-age=300',
21 silly get     'content-length': '1177',
21 silly get     'accept-ranges': 'bytes',
21 silly get     date: 'Sun, 07 May 2017 13:51:56 GMT',
21 silly get     via: '1.1 varnish',
21 silly get     age: '0',
21 silly get     connection: 'keep-alive',
21 silly get     'x-served-by': 'cache-bma7021-BMA',
21 silly get     'x-cache': 'MISS',
21 silly get     'x-cache-hits': '0',
21 silly get     'x-timer': 'S1494165116.387508,VS0,VE65',
21 silly get     vary: 'Accept-Encoding' } ]
22 verbose get saving node-php to C:\Users\DELL\AppData\Roaming\npm-cache\registry.npmjs.org\node-php\.cache.json
23 verbose correctMkdir C:\Users\DELL\AppData\Roaming\npm-cache correctMkdir not in flight; initializing
24 silly install normalizeTree
25 silly loadCurrentTree Finishing
26 silly loadIdealTree Starting
27 silly install loadIdealTree
28 silly cloneCurrentTree Starting
29 silly install cloneCurrentTreeToIdealTree
30 silly cloneCurrentTree Finishing
31 silly loadShrinkwrap Starting
32 silly install loadShrinkwrap
33 silly loadShrinkwrap Finishing
34 silly loadAllDepsIntoIdealTree Starting
35 silly install loadAllDepsIntoIdealTree
36 silly resolveWithNewModule node-php@0.0.1 checking installable status
37 silly cache add args [ 'node-php', null ]
38 verbose cache add spec node-php
39 silly cache add parsed spec Result {
39 silly cache add   raw: 'node-php',
39 silly cache add   scope: null,
39 silly cache add   escapedName: 'node-php',
39 silly cache add   name: 'node-php',
39 silly cache add   rawSpec: '',
39 silly cache add   spec: 'latest',
39 silly cache add   type: 'tag' }
40 silly addNamed node-php@latest
41 verbose addNamed "latest" is being treated as a dist-tag for node-php
42 info addNameTag [ 'node-php', 'latest' ]
43 silly mapToRegistry name node-php
44 silly mapToRegistry using default registry
45 silly mapToRegistry registry https://registry.npmjs.org/
46 silly mapToRegistry data Result {
46 silly mapToRegistry   raw: 'node-php',
46 silly mapToRegistry   scope: null,
46 silly mapToRegistry   escapedName: 'node-php',
46 silly mapToRegistry   name: 'node-php',
46 silly mapToRegistry   rawSpec: '',
46 silly mapToRegistry   spec: 'latest',
46 silly mapToRegistry   type: 'tag' }
47 silly mapToRegistry uri https://registry.npmjs.org/node-php
48 verbose addNameTag registry:https://registry.npmjs.org/node-php not in flight; fetching
49 verbose get https://registry.npmjs.org/node-php not expired, no request
50 silly addNameTag next cb for node-php with tag latest
51 silly addNamed node-php@0.0.1
52 verbose addNamed "0.0.1" is a plain semver version for node-php
53 silly mapToRegistry name node-php
54 silly mapToRegistry using default registry
55 silly mapToRegistry registry https://registry.npmjs.org/
56 silly mapToRegistry data Result {
56 silly mapToRegistry   raw: 'node-php',
56 silly mapToRegistry   scope: null,
56 silly mapToRegistry   escapedName: 'node-php',
56 silly mapToRegistry   name: 'node-php',
56 silly mapToRegistry   rawSpec: '',
56 silly mapToRegistry   spec: 'latest',
56 silly mapToRegistry   type: 'tag' }
57 silly mapToRegistry uri https://registry.npmjs.org/node-php
58 verbose addRemoteTarball https://registry.npmjs.org/node-php/-/node-php-0.0.1.tgz not in flight; adding
59 verbose addRemoteTarball [ 'https://registry.npmjs.org/node-php/-/node-php-0.0.1.tgz',
59 verbose addRemoteTarball   '6505546118413d029c349493583ff40a8f154d4c' ]
60 info retry fetch attempt 1 at 4:51:44 PM
61 info attempt registry request try #1 at 4:51:44 PM
62 http fetch GET https://registry.npmjs.org/node-php/-/node-php-0.0.1.tgz
63 http fetch 200 https://registry.npmjs.org/node-php/-/node-php-0.0.1.tgz
64 silly fetchAndShaCheck shasum 6505546118413d029c349493583ff40a8f154d4c
65 verbose addTmpTarball C:\Users\DELL\AppData\Local\Temp\npm-10204-acbf85b9\registry.npmjs.org\node-php\-\node-php-0.0.1.tgz not in flight; adding
66 verbose addTmpTarball already have metadata; skipping unpack for node-php@0.0.1
67 verbose correctMkdir C:\Users\DELL\AppData\Roaming\npm-cache correctMkdir not in flight; initializing
68 silly cache afterAdd node-php@0.0.1
69 verbose afterAdd C:\Users\DELL\AppData\Roaming\npm-cache\node-php\0.0.1\package\package.json not in flight; writing
70 verbose correctMkdir C:\Users\DELL\AppData\Roaming\npm-cache correctMkdir not in flight; initializing
71 verbose afterAdd C:\Users\DELL\AppData\Roaming\npm-cache\node-php\0.0.1\package\package.json written
72 silly loadAllDepsIntoIdealTree Finishing
73 silly loadIdealTree Finishing
74 silly currentTree campaignf
75 silly idealTree campaignf
75 silly idealTree `-- node-php@0.0.1
76 silly generateActionsToTake Starting
77 silly install generateActionsToTake
78 silly generateActionsToTake Finishing
79 silly diffTrees action count 1
80 silly diffTrees add node-php@0.0.1
81 silly decomposeActions action count 8
82 silly decomposeActions fetch node-php@0.0.1
83 silly decomposeActions extract node-php@0.0.1
84 silly decomposeActions test node-php@0.0.1
85 silly decomposeActions preinstall node-php@0.0.1
86 silly decomposeActions build node-php@0.0.1
87 silly decomposeActions install node-php@0.0.1
88 silly decomposeActions postinstall node-php@0.0.1
89 silly decomposeActions finalize node-php@0.0.1
90 silly runTopLevelLifecycles Starting
91 silly executeActions Starting
92 silly install executeActions
93 silly doSerial global-install 0
94 silly doParallel fetch 1
95 verbose correctMkdir C:\Users\DELL\AppData\Roaming\npm-cache\_locks correctMkdir not in flight; initializing
96 verbose lock using C:\Users\DELL\AppData\Roaming\npm-cache\_locks\staging-754f1fe72729e6cf.lock for F:\Projects\campaignf\node_modules\.staging
97 silly doParallel extract 1
98 silly extract node-php@0.0.1
99 verbose unbuild node_modules\.staging\node-php-e51fa094
100 silly gentlyRm F:\Projects\campaignf\node_modules\.staging\node-php-e51fa094 is being purged from base F:\Projects\campaignf
101 verbose gentlyRm don't care about contents; nuking F:\Projects\campaignf\node_modules\.staging\node-php-e51fa094
102 verbose tar unpack C:\Users\DELL\AppData\Roaming\npm-cache\node-php\0.0.1\package.tgz
103 verbose tar unpacking to F:\Projects\campaignf\node_modules\.staging\node-php-e51fa094
104 silly gentlyRm F:\Projects\campaignf\node_modules\.staging\node-php-e51fa094 is being purged
105 verbose gentlyRm don't care about contents; nuking F:\Projects\campaignf\node_modules\.staging\node-php-e51fa094
106 silly gunzTarPerm modes [ '777', '666' ]
107 silly gunzTarPerm extractEntry package.json
108 silly gunzTarPerm modified mode [ 'package.json', 420, 438 ]
109 silly gunzTarPerm extractEntry .npmignore
110 silly gunzTarPerm modified mode [ '.npmignore', 420, 438 ]
111 silly gunzTarPerm extractEntry README.md
112 silly gunzTarPerm modified mode [ 'README.md', 420, 438 ]
113 silly gunzTarPerm extractEntry main.js
114 silly gunzTarPerm modified mode [ 'main.js', 420, 438 ]
115 silly gunzTarPerm extractEntry node_php_small.jpg
116 silly gunzTarPerm modified mode [ 'node_php_small.jpg', 420, 438 ]
117 silly gunzTarPerm extractEntry tests/express.js
118 silly gunzTarPerm modified mode [ 'tests/express.js', 420, 438 ]
119 silly gunzTarPerm extractEntry tests/wordpress.js
120 silly gunzTarPerm modified mode [ 'tests/wordpress.js', 420, 438 ]
121 silly gunzTarPerm extractEntry tests/test.php
122 silly gunzTarPerm modified mode [ 'tests/test.php', 420, 438 ]
123 silly gentlyRm F:\Projects\campaignf\node_modules\.staging\node-php-e51fa094\node_modules is being purged
124 verbose gentlyRm don't care about contents; nuking F:\Projects\campaignf\node_modules\.staging\node-php-e51fa094\node_modules
125 silly doParallel preinstall 1
126 silly preinstall node-php@0.0.1 F:\Projects\campaignf\node_modules\.staging\node-php-e51fa094
127 info lifecycle node-php@0.0.1~preinstall: node-php@0.0.1
128 silly lifecycle node-php@0.0.1~preinstall: no script for preinstall, continuing
129 silly doReverseSerial remove 0
130 silly doSerial move 0
131 silly doSerial finalize 1
132 silly finalize F:\Projects\campaignf\node_modules\node-php
133 verbose unlock done using C:\Users\DELL\AppData\Roaming\npm-cache\_locks\staging-754f1fe72729e6cf.lock for F:\Projects\campaignf\node_modules\.staging
134 silly rollbackFailedOptional Starting
135 silly rollbackFailedOptional Finishing
136 silly runTopLevelLifecycles Finishing
137 silly install printInstalled
138 verbose stack Error: EPERM: operation not permitted, rename 'F:\Projects\campaignf\node_modules\.staging\node-php-e51fa094' -> 'F:\Projects\campaignf\node_modules\node-php'
138 verbose stack     at destStatted (E:\Git\npm\node_modules\npm\lib\install\action\finalize.js:25:7)
138 verbose stack     at E:\Git\npm\node_modules\npm\node_modules\graceful-fs\polyfills.js:264:29
138 verbose stack     at FSReqWrap.oncomplete (fs.js:123:15)
138 verbose stack
138 verbose stack Error: EPERM: operation not permitted, rename 'F:\Projects\campaignf\node_modules\.staging\node-php-e51fa094' -> 'F:\Projects\campaignf\node_modules\node-php'
138 verbose stack     at Error (native)
139 verbose cwd F:\Projects\campaignf\public
140 error Windows_NT 10.0.14393
141 error argv "E:\\Git\\npm\\node.exe" "E:\\Git\\npm\\node_modules\\npm\\bin\\npm-cli.js" "install" "node-php"
142 error node v6.9.2
143 error npm  v3.10.9
144 error path F:\Projects\campaignf\node_modules\.staging\node-php-e51fa094
145 error code EPERM
146 error errno -4048
147 error syscall rename
148 error Error: EPERM: operation not permitted, rename 'F:\Projects\campaignf\node_modules\.staging\node-php-e51fa094' -> 'F:\Projects\campaignf\node_modules\node-php'
148 error     at destStatted (E:\Git\npm\node_modules\npm\lib\install\action\finalize.js:25:7)
148 error     at E:\Git\npm\node_modules\npm\node_modules\graceful-fs\polyfills.js:264:29
148 error     at FSReqWrap.oncomplete (fs.js:123:15)
148 error
148 error Error: EPERM: operation not permitted, rename 'F:\Projects\campaignf\node_modules\.staging\node-php-e51fa094' -> 'F:\Projects\campaignf\node_modules\node-php'
148 error     at Error (native)
148 error  Error: EPERM: operation not permitted, rename 'F:\Projects\campaignf\node_modules\.staging\node-php-e51fa094' -> 'F:\Projects\campaignf\node_modules\node-php'
148 error     at destStatted (E:\Git\npm\node_modules\npm\lib\install\action\finalize.js:25:7)
148 error     at E:\Git\npm\node_modules\npm\node_modules\graceful-fs\polyfills.js:264:29
148 error     at FSReqWrap.oncomplete (fs.js:123:15)
148 error
148 error Error: EPERM: operation not permitted, rename 'F:\Projects\campaignf\node_modules\.staging\node-php-e51fa094' -> 'F:\Projects\campaignf\node_modules\node-php'
148 error     at Error (native)
149 error Please try running this command again as root/Administrator.
150 verbose exit [ -4048, true ]
